<?xml version="1.0" encoding="UTF-8"?>
<testng-results ignored="0" total="3" passed="3" failed="0" skipped="0">
  <reporter-output>
  </reporter-output>
  <suite started-at="2023-10-19T00:24:48 IST" name="Default suite" finished-at="2023-10-19T00:24:48 IST" duration-ms="110">
    <groups>
    </groups>
    <test started-at="2023-10-19T00:24:48 IST" name="Default test" finished-at="2023-10-19T00:24:48 IST" duration-ms="110">
      <class name="dataprovideer.Dataprov">
        <test-method signature="testcasedata(java.lang.String,java.lang.String,int)[pri:0, instance:dataprovideer.Dataprov@4d154ccd]" started-at="2023-10-19T00:24:48 IST" name="testcasedata" data-provider="driveTest" finished-at="2023-10-19T00:24:48 IST" duration-ms="12" status="PASS">
          <params>
            <param index="0">
              <value>
                <![CDATA[hello]]>
              </value>
            </param>
            <param index="1">
              <value>
                <![CDATA[text]]>
              </value>
            </param>
            <param index="2">
              <value>
                <![CDATA[1]]>
              </value>
            </param>
          </params>
          <reporter-output>
          </reporter-output>
        </test-method> <!-- testcasedata -->
        <test-method signature="testcasedata(java.lang.String,java.lang.String,int)[pri:0, instance:dataprovideer.Dataprov@4d154ccd]" started-at="2023-10-19T00:24:48 IST" name="testcasedata" data-provider="driveTest" finished-at="2023-10-19T00:24:48 IST" duration-ms="2" status="PASS">
          <params>
            <param index="0">
              <value>
                <![CDATA[bye]]>
              </value>
            </param>
            <param index="1">
              <value>
                <![CDATA[cu]]>
              </value>
            </param>
            <param index="2">
              <value>
                <![CDATA[2]]>
              </value>
            </param>
          </params>
          <reporter-output>
          </reporter-output>
        </test-method> <!-- testcasedata -->
        <test-method signature="testcasedata(java.lang.String,java.lang.String,int)[pri:0, instance:dataprovideer.Dataprov@4d154ccd]" started-at="2023-10-19T00:24:48 IST" name="testcasedata" data-provider="driveTest" finished-at="2023-10-19T00:24:48 IST" duration-ms="2" status="PASS">
          <params>
            <param index="0">
              <value>
                <![CDATA[solo]]>
              </value>
            </param>
            <param index="1">
              <value>
                <![CDATA[call]]>
              </value>
            </param>
            <param index="2">
              <value>
                <![CDATA[3]]>
              </value>
            </param>
          </params>
          <reporter-output>
          </reporter-output>
        </test-method> <!-- testcasedata -->
      </class> <!-- dataprovideer.Dataprov -->
    </test> <!-- Default test -->
  </suite> <!-- Default suite -->
</testng-results>
