<?xml version="1.0" encoding="UTF-8"?>
<!-- Generated by org.testng.reporters.JUnitXMLReporter -->
<testsuite ignored="0" hostname="W2027491" failures="0" tests="3" name="Default test" time="0.11" errors="0" timestamp="2023-10-19T00:24:48 IST">
  <testcase classname="dataprovideer.Dataprov" name="testcasedata" time="0.012"/>
  <testcase classname="dataprovideer.Dataprov" name="testcasedata" time="0.002"/>
  <testcase classname="dataprovideer.Dataprov" name="testcasedata" time="0.002"/>
</testsuite> <!-- Default test -->
