<?xml version="1.0" encoding="UTF-8"?>
<testng-results ignored="0" total="2" passed="2" failed="0" skipped="0">
  <reporter-output>
  </reporter-output>
  <suite started-at="2024-02-14T23:48:20 IST" name="Default suite" finished-at="2024-02-14T23:48:45 IST" duration-ms="24153">
    <groups>
      <group name="cucumber">
        <method signature="AbstractTestNGCucumberTests.runScenario(io.cucumber.testng.PickleWrapper,io.cucumber.testng.FeatureWrapper)[pri:0, instance:TestRunner.TestNgRunner@388ba540]" name="runScenario" class="io.cucumber.testng.AbstractTestNGCucumberTests"/>
      </group> <!-- cucumber -->
    </groups>
    <test started-at="2024-02-14T23:48:20 IST" name="Default test" finished-at="2024-02-14T23:48:45 IST" duration-ms="24153">
      <class name="TestRunner.TestNgRunner">
        <test-method is-config="true" signature="setUpClass(org.testng.ITestContext)[pri:0, instance:TestRunner.TestNgRunner@388ba540]" started-at="2024-02-14T23:48:20 IST" name="setUpClass" finished-at="2024-02-14T23:48:21 IST" duration-ms="243" status="PASS">
          <params>
            <param index="0">
              <value>
                <![CDATA[org.testng.TestRunner@44d64d4e]]>
              </value>
            </param>
          </params>
          <reporter-output>
          </reporter-output>
        </test-method> <!-- setUpClass -->
        <test-method signature="runScenario(io.cucumber.testng.PickleWrapper,io.cucumber.testng.FeatureWrapper)[pri:0, instance:TestRunner.TestNgRunner@388ba540]" started-at="2024-02-14T23:48:21 IST" name="runScenario" description="Runs Cucumber Scenarios" data-provider="scenarios" finished-at="2024-02-14T23:48:30 IST" duration-ms="9688" status="PASS">
          <params>
            <param index="0">
              <value>
                <![CDATA["Successful Login"]]>
              </value>
            </param>
            <param index="1">
              <value>
                <![CDATA["User Login"]]>
              </value>
            </param>
          </params>
          <reporter-output>
          </reporter-output>
        </test-method> <!-- runScenario -->
        <test-method signature="runScenario(io.cucumber.testng.PickleWrapper,io.cucumber.testng.FeatureWrapper)[pri:0, instance:TestRunner.TestNgRunner@388ba540]" started-at="2024-02-14T23:48:30 IST" name="runScenario" description="Runs Cucumber Scenarios" data-provider="scenarios" finished-at="2024-02-14T23:48:45 IST" duration-ms="14171" status="PASS">
          <params>
            <param index="0">
              <value>
                <![CDATA["Placing an Order for a Laptop"]]>
              </value>
            </param>
            <param index="1">
              <value>
                <![CDATA["Ordering Products via Application"]]>
              </value>
            </param>
          </params>
          <reporter-output>
          </reporter-output>
        </test-method> <!-- runScenario -->
        <test-method is-config="true" signature="tearDownClass()[pri:0, instance:TestRunner.TestNgRunner@388ba540]" started-at="2024-02-14T23:48:45 IST" name="tearDownClass" finished-at="2024-02-14T23:48:45 IST" duration-ms="4" status="PASS">
          <reporter-output>
          </reporter-output>
        </test-method> <!-- tearDownClass -->
      </class> <!-- TestRunner.TestNgRunner -->
    </test> <!-- Default test -->
  </suite> <!-- Default suite -->
</testng-results>
